<?xml version="1.0" encoding="UTF-8"?>
<testng-results ignored="0" total="1" passed="1" failed="0" skipped="0">
  <reporter-output>
  </reporter-output>
  <suite started-at="2026-04-16T17:05:56 IST" name="Suite" finished-at="2026-04-16T17:06:19 IST" duration-ms="23291">
    <groups>
    </groups>
    <test started-at="2026-04-16T17:05:56 IST" name="Test" finished-at="2026-04-16T17:06:19 IST" duration-ms="23291">
      <class name="Project_2026_grotechMid.grotechMid_2026.testCase1">
        <test-method is-config="true" signature="launch(java.lang.String)[pri:0, instance:Project_2026_grotechMid.grotechMid_2026.testCase1@6aeb35e6]" started-at="2026-04-16T17:05:56 IST" name="launch" finished-at="2026-04-16T17:06:03 IST" duration-ms="6970" status="PASS">
          <params>
            <param index="0">
              <value>
                <![CDATA[Chrome]]>
              </value>
            </param>
          </params>
          <reporter-output>
          </reporter-output>
        </test-method> <!-- launch -->
        <test-method signature="testcase1()[pri:0, instance:Project_2026_grotechMid.grotechMid_2026.testCase1@6aeb35e6]" started-at="2026-04-16T17:06:03 IST" name="testcase1" finished-at="2026-04-16T17:06:19 IST" duration-ms="16274" status="PASS">
          <reporter-output>
          </reporter-output>
        </test-method> <!-- testcase1 -->
      </class> <!-- Project_2026_grotechMid.grotechMid_2026.testCase1 -->
    </test> <!-- Test -->
  </suite> <!-- Suite -->
</testng-results>
