<?xml version="1.0" encoding="UTF-8"?>
<testng-results ignored="0" total="1" passed="1" failed="0" skipped="0">
  <reporter-output>
  </reporter-output>
  <suite started-at="2026-04-12T14:10:37 IST" name="Suite" finished-at="2026-04-12T14:10:46 IST" duration-ms="8363">
    <groups>
    </groups>
    <test started-at="2026-04-12T14:10:37 IST" name="Test" finished-at="2026-04-12T14:10:46 IST" duration-ms="8363">
      <class name="Project_2026_grotechMid.grotechMid_2026.testCase1">
        <test-method is-config="true" signature="launch(java.lang.String)[pri:0, instance:Project_2026_grotechMid.grotechMid_2026.testCase1@1283bb96]" started-at="2026-04-12T14:10:37 IST" name="launch" finished-at="2026-04-12T14:10:45 IST" duration-ms="8061" status="PASS">
          <params>
            <param index="0">
              <value>
                <![CDATA[Chrome]]>
              </value>
            </param>
          </params>
          <reporter-output>
          </reporter-output>
        </test-method> <!-- launch -->
        <test-method signature="testcase1()[pri:0, instance:Project_2026_grotechMid.grotechMid_2026.testCase1@1283bb96]" started-at="2026-04-12T14:10:45 IST" name="testcase1" finished-at="2026-04-12T14:10:45 IST" duration-ms="9" status="PASS">
          <reporter-output>
          </reporter-output>
        </test-method> <!-- testcase1 -->
        <test-method is-config="true" signature="quit()[pri:0, instance:Project_2026_grotechMid.grotechMid_2026.testCase1@1283bb96]" started-at="2026-04-12T14:10:45 IST" name="quit" finished-at="2026-04-12T14:10:46 IST" duration-ms="230" status="PASS">
          <reporter-output>
          </reporter-output>
        </test-method> <!-- quit -->
      </class> <!-- Project_2026_grotechMid.grotechMid_2026.testCase1 -->
    </test> <!-- Test -->
  </suite> <!-- Suite -->
</testng-results>
